This is pdfTeX, Version 3.14159265-2.6-1.40.15 (TeX Live 2014) (preloaded format=pdflatex 2015.3.25)  13 FEB 2016 18:55
entering extended mode
 restricted \write18 enabled.
 %&-line parsing enabled.
**typesystem.tex
(./typesystem.tex
LaTeX2e <2014/05/01>
Babel <3.9l> and hyphenation patterns for 79 languages loaded.
(/usr/local/texlive/2014/texmf-dist/tex/latex/base/article.cls
Document Class: article 2014/09/29 v1.4h Standard LaTeX document class
(/usr/local/texlive/2014/texmf-dist/tex/latex/base/size11.clo
File: size11.clo 2014/09/29 v1.4h Standard LaTeX file (size option)
)
\c@part=\count79
\c@section=\count80
\c@subsection=\count81
\c@subsubsection=\count82
\c@paragraph=\count83
\c@subparagraph=\count84
\c@figure=\count85
\c@table=\count86
\abovecaptionskip=\skip41
\belowcaptionskip=\skip42
\bibindent=\dimen102
)
(/usr/local/texlive/2014/texmf-dist/tex/latex/graphics/graphicx.sty
Package: graphicx 2014/10/28 v1.0g Enhanced LaTeX Graphics (DPC,SPQR)

(/usr/local/texlive/2014/texmf-dist/tex/latex/graphics/keyval.sty
Package: keyval 2014/10/28 v1.15 key=value parser (DPC)
\KV@toks@=\toks14
)
(/usr/local/texlive/2014/texmf-dist/tex/latex/graphics/graphics.sty
Package: graphics 2014/10/28 v1.0p Standard LaTeX Graphics (DPC,SPQR)

(/usr/local/texlive/2014/texmf-dist/tex/latex/graphics/trig.sty
Package: trig 1999/03/16 v1.09 sin cos tan (DPC)
)
(/usr/local/texlive/2014/texmf-dist/tex/latex/latexconfig/graphics.cfg
File: graphics.cfg 2010/04/23 v1.9 graphics configuration of TeX Live
)
Package graphics Info: Driver file: pdftex.def on input line 91.

(/usr/local/texlive/2014/texmf-dist/tex/latex/pdftex-def/pdftex.def
File: pdftex.def 2011/05/27 v0.06d Graphics/color for pdfTeX

(/usr/local/texlive/2014/texmf-dist/tex/generic/oberdiek/infwarerr.sty
Package: infwarerr 2010/04/08 v1.3 Providing info/warning/error messages (HO)
)
(/usr/local/texlive/2014/texmf-dist/tex/generic/oberdiek/ltxcmds.sty
Package: ltxcmds 2011/11/09 v1.22 LaTeX kernel commands for general use (HO)
)
\Gread@gobject=\count87
))
\Gin@req@height=\dimen103
\Gin@req@width=\dimen104
)

LaTeX Warning: Unused global option(s):
    [pdflatex,letter].

(./typesystem.aux)
\openout1 = `typesystem.aux'.

LaTeX Font Info:    Checking defaults for OML/cmm/m/it on input line 10.
LaTeX Font Info:    ... okay on input line 10.
LaTeX Font Info:    Checking defaults for T1/cmr/m/n on input line 10.
LaTeX Font Info:    ... okay on input line 10.
LaTeX Font Info:    Checking defaults for OT1/cmr/m/n on input line 10.
LaTeX Font Info:    ... okay on input line 10.
LaTeX Font Info:    Checking defaults for OMS/cmsy/m/n on input line 10.
LaTeX Font Info:    ... okay on input line 10.
LaTeX Font Info:    Checking defaults for OMX/cmex/m/n on input line 10.
LaTeX Font Info:    ... okay on input line 10.
LaTeX Font Info:    Checking defaults for U/cmr/m/n on input line 10.
LaTeX Font Info:    ... okay on input line 10.

(/usr/local/texlive/2014/texmf-dist/tex/context/base/supp-pdf.mkii
[Loading MPS to PDF converter (version 2006.09.02).]
\scratchcounter=\count88
\scratchdimen=\dimen105
\scratchbox=\box26
\nofMPsegments=\count89
\nofMParguments=\count90
\everyMPshowfont=\toks15
\MPscratchCnt=\count91
\MPscratchDim=\dimen106
\MPnumerator=\count92
\makeMPintoPDFobject=\count93
\everyMPtoPDFconversion=\toks16
) (/usr/local/texlive/2014/texmf-dist/tex/generic/oberdiek/pdftexcmds.sty
Package: pdftexcmds 2011/11/29 v0.20 Utility functions of pdfTeX for LuaTeX (HO
)

(/usr/local/texlive/2014/texmf-dist/tex/generic/oberdiek/ifluatex.sty
Package: ifluatex 2010/03/01 v1.3 Provides the ifluatex switch (HO)
Package ifluatex Info: LuaTeX not detected.
)
(/usr/local/texlive/2014/texmf-dist/tex/generic/oberdiek/ifpdf.sty
Package: ifpdf 2011/01/30 v2.3 Provides the ifpdf switch (HO)
Package ifpdf Info: pdfTeX in PDF mode is detected.
)
Package pdftexcmds Info: LuaTeX not detected.
Package pdftexcmds Info: \pdf@primitive is available.
Package pdftexcmds Info: \pdf@ifprimitive is available.
Package pdftexcmds Info: \pdfdraftmode found.
)
(/usr/local/texlive/2014/texmf-dist/tex/latex/oberdiek/epstopdf-base.sty
Package: epstopdf-base 2010/02/09 v2.5 Base part for package epstopdf

(/usr/local/texlive/2014/texmf-dist/tex/latex/oberdiek/grfext.sty
Package: grfext 2010/08/19 v1.1 Manage graphics extensions (HO)

(/usr/local/texlive/2014/texmf-dist/tex/generic/oberdiek/kvdefinekeys.sty
Package: kvdefinekeys 2011/04/07 v1.3 Define keys (HO)
))
(/usr/local/texlive/2014/texmf-dist/tex/latex/oberdiek/kvoptions.sty
Package: kvoptions 2011/06/30 v3.11 Key value format for package options (HO)

(/usr/local/texlive/2014/texmf-dist/tex/generic/oberdiek/kvsetkeys.sty
Package: kvsetkeys 2012/04/25 v1.16 Key value parser (HO)

(/usr/local/texlive/2014/texmf-dist/tex/generic/oberdiek/etexcmds.sty
Package: etexcmds 2011/02/16 v1.5 Avoid name clashes with e-TeX commands (HO)
Package etexcmds Info: Could not find \expanded.
(etexcmds)             That can mean that you are not using pdfTeX 1.50 or
(etexcmds)             that some package has redefined \expanded.
(etexcmds)             In the latter case, load this package earlier.
)))
Package grfext Info: Graphics extension search list:
(grfext)             [.png,.pdf,.jpg,.mps,.jpeg,.jbig2,.jb2,.PNG,.PDF,.JPG,.JPE
G,.JBIG2,.JB2,.eps]
(grfext)             \AppendGraphicsExtensions on input line 452.

(/usr/local/texlive/2014/texmf-dist/tex/latex/latexconfig/epstopdf-sys.cfg
File: epstopdf-sys.cfg 2010/07/13 v1.3 Configuration of (r)epstopdf for TeX Liv
e
))
Underfull \hbox (badness 10000) in paragraph at lines 20--21

 []

LaTeX Font Info:    External font `cmex10' loaded for size
(Font)              <10.95> on input line 23.
LaTeX Font Info:    External font `cmex10' loaded for size
(Font)              <8> on input line 23.
LaTeX Font Info:    External font `cmex10' loaded for size
(Font)              <6> on input line 23.

Underfull \hbox (badness 10000) in paragraph at lines 33--36

 []

[1

{/usr/local/texlive/2014/texmf-var/fonts/map/pdftex/updmap/pdftex.map}]
Overfull \hbox (94.43378pt too wide) in paragraph at lines 85--86
\OT1/cmr/m/n/10.95 There is a type pred-i-cate for each type, for ex-am-ple, $\
OML/cmm/m/it/10.95 byte[]; short[]; [] ; Array[]; [] ; NamedType[]$\OT1/cmr/m/n
/10.95 .
 []

LaTeX Font Info:    Try loading font information for OMS+cmr on input line 87.
(/usr/local/texlive/2014/texmf-dist/tex/latex/base/omscmr.fd
File: omscmr.fd 2014/09/29 v2.5h Standard LaTeX font definitions
)
LaTeX Font Info:    Font shape `OMS/cmr/m/n' in size <10.95> not available
(Font)              Font shape `OMS/cmsy/m/n' tried instead on input line 87.
LaTeX Font Info:    External font `cmex10' loaded for size
(Font)              <12> on input line 93.
 [2]
Overfull \hbox (20.44414pt too wide) in paragraph at lines 116--118
\OT1/cmr/m/n/10.95 and for two pro-to-col types $\OML/cmm/m/it/10.95 p[] \OT1/c
mr/m/n/10.95 = \OML/cmm/m/it/10.95 Protocol\OT1/cmr/m/n/10.95 (\OML/cmm/m/it/10
.95 n[]; \OMS/cmsy/m/n/10.95 f[]g\OT1/cmr/m/n/10.95 )$ and $\OML/cmm/m/it/10.95
 p[] \OT1/cmr/m/n/10.95 = \OML/cmm/m/it/10.95 Protocol\OT1/cmr/m/n/10.95 (\OML/
cmm/m/it/10.95 n[]; \OMS/cmsy/m/n/10.95 f[]g\OT1/cmr/m/n/10.95 )$: 
 []


Overfull \hbox (2.66495pt too wide) in paragraph at lines 127--129
\OT1/cmr/m/n/10.95 For two chan-nel ends $\OML/cmm/m/it/10.95 e[] \OT1/cmr/m/n/
10.95 = \OML/cmm/m/it/10.95 ChannelEnd\OT1/cmr/m/n/10.95 (\OML/cmm/m/it/10.95 t
[]; a[]\OT1/cmr/m/n/10.95 )$ and $\OML/cmm/m/it/10.95 t[] \OT1/cmr/m/n/10.95 = 
\OML/cmm/m/it/10.95 ChannelEnd\OT1/cmr/m/n/10.95 (\OML/cmm/m/it/10.95 t[]; a[]\
OT1/cmr/m/n/10.95 )$
 []

[3]
Overfull \hbox (4.8835pt too wide) in paragraph at lines 137--138
\OT1/cmr/m/n/10.95 For $\OML/cmm/m/it/10.95 p[] \OT1/cmr/m/n/10.95 = \OML/cmm/m
/it/10.95 Procedure\OT1/cmr/m/n/10.95 (\OML/cmm/m/it/10.95 n[]; \OT1/cmr/m/n/10
.95 (\OML/cmm/m/it/10.95 t[]; [] ; t[]\OT1/cmr/m/n/10.95 )\OML/cmm/m/it/10.95 ;
 t[]\OT1/cmr/m/n/10.95 )$ and $\OML/cmm/m/it/10.95 p[] \OT1/cmr/m/n/10.95 = \OM
L/cmm/m/it/10.95 Procedure\OT1/cmr/m/n/10.95 (\OML/cmm/m/it/10.95 n[]; \OT1/cmr
/m/n/10.95 (\OML/cmm/m/it/10.95 t[]; [] ;$
 []

LaTeX Font Info:    External font `cmex10' loaded for size
(Font)              <14.4> on input line 162.
LaTeX Font Info:    External font `cmex10' loaded for size
(Font)              <7> on input line 162.
[4] [5] [6]
Overfull \hbox (7.08499pt too wide) in paragraph at lines 266--281
| \OT1/cmr/m/n/10.95 (\OML/cmm/m/it/10.95 tag[]; \OMS/cmsy/m/n/10.95 f\OT1/cmr/
m/n/10.95 (\OML/cmm/m/it/10.95 n[] t[]\OT1/cmr/m/n/10.95 )\OML/cmm/m/it/10.95 ;
 [] ; \OT1/cmr/m/n/10.95 (\OML/cmm/m/it/10.95 n[]t[]\OT1/cmr/m/n/10.95 )\OMS/cm
sy/m/n/10.95 g\OT1/cmr/m/n/10.95 )\OMS/cmsy/m/n/10.95 g\OT1/cmr/m/n/10.95 )$ an
d
 []


Overfull \hbox (1.91412pt too wide) in paragraph at lines 266--281
| \OT1/cmr/m/n/10.95 (\OML/cmm/m/it/10.95 tag[]; \OMS/cmsy/m/n/10.95 f\OT1/cmr/
m/n/10.95 (\OML/cmm/m/it/10.95 n[] t[]\OT1/cmr/m/n/10.95 )\OML/cmm/m/it/10.95 ;
 [] ; \OT1/cmr/m/n/10.95 (\OML/cmm/m/it/10.95 n[]t[]\OT1/cmr/m/n/10.95 )\OMS/cm
sy/m/n/10.95 g\OT1/cmr/m/n/10.95 )\OMS/cmsy/m/n/10.95 g\OT1/cmr/m/n/10.95 )$ we

 []


Overfull \hbox (6.16066pt too wide) detected at line 283
\OT1/cmr/m/n/10.95 (\OML/cmm/m/it/10.95 p[] \OMS/cmsy/m/n/10.95 ^^T[] \OML/cmm/
m/it/10.95 p[]\OT1/cmr/m/n/10.95 ) \OMS/cmsy/m/n/10.95 , \OT1/cmr/m/n/10.95 (\O
MS/cmsy/m/n/10.95 8\OML/cmm/m/it/10.95 i \OT1/cmr/m/n/10.95 : (1 \OMS/cmsy/m/n/
10.95 ^^T \OML/cmm/m/it/10.95 i \OMS/cmsy/m/n/10.95 ^^T \OML/cmm/m/it/10.95 k[]
\OT1/cmr/m/n/10.95 ) : \OML/cmm/m/it/10.95 tag[][]\OT1/cmr/m/n/10.95 )\OMS/cmsy
/m/n/10.95 ^
 []

[7] [8] [9] [10] (./typesystem.aux) ) 
Here is how much of TeX's memory you used:
 1519 strings out of 493109
 21914 string characters out of 6135004
 85094 words of memory out of 5000000
 4990 multiletter control sequences out of 15000+600000
 9940 words of font info for 35 fonts, out of 8000000 for 9000
 1141 hyphenation exceptions out of 8191
 37i,10n,23p,476b,241s stack positions out of 5000i,500n,10000p,200000b,80000s
</usr/local/texlive/2014/texmf-dist/fonts/
type1/public/amsfonts/cm/cmbx10.pfb></usr/local/texlive/2014/texmf-dist/fonts/t
ype1/public/amsfonts/cm/cmbx12.pfb></usr/local/texlive/2014/texmf-dist/fonts/ty
pe1/public/amsfonts/cm/cmex10.pfb></usr/local/texlive/2014/texmf-dist/fonts/typ
e1/public/amsfonts/cm/cmmi10.pfb></usr/local/texlive/2014/texmf-dist/fonts/type
1/public/amsfonts/cm/cmmi6.pfb></usr/local/texlive/2014/texmf-dist/fonts/type1/
public/amsfonts/cm/cmmi8.pfb></usr/local/texlive/2014/texmf-dist/fonts/type1/pu
blic/amsfonts/cm/cmr10.pfb></usr/local/texlive/2014/texmf-dist/fonts/type1/publ
ic/amsfonts/cm/cmr12.pfb></usr/local/texlive/2014/texmf-dist/fonts/type1/public
/amsfonts/cm/cmr17.pfb></usr/local/texlive/2014/texmf-dist/fonts/type1/public/a
msfonts/cm/cmr6.pfb></usr/local/texlive/2014/texmf-dist/fonts/type1/public/amsf
onts/cm/cmr8.pfb></usr/local/texlive/2014/texmf-dist/fonts/type1/public/amsfont
s/cm/cmsy10.pfb></usr/local/texlive/2014/texmf-dist/fonts/type1/public/amsfonts
/cm/cmsy8.pfb></usr/local/texlive/2014/texmf-dist/fonts/type1/public/amsfonts/c
m/cmti10.pfb></usr/local/texlive/2014/texmf-dist/fonts/type1/public/amsfonts/cm
/cmtt10.pfb>
Output written on typesystem.pdf (10 pages, 184837 bytes).
PDF statistics:
 97 PDF objects out of 1000 (max. 8388607)
 69 compressed objects within 1 object stream
 0 named destinations out of 1000 (max. 500000)
 1 words of extra memory for PDF output out of 10000 (max. 10000000)

