This is pdfTeX, Version 3.1415926-2.3-1.40.12 (TeX Live 2011) (format=pdflatex 2011.7.3)  17 OCT 2013 03:35
entering extended mode
 restricted \write18 enabled.
 %&-line parsing enabled.
**import.tex
(./import.tex
LaTeX2e <2009/09/24>
Babel <v3.8l> and hyphenation patterns for english, dumylang, nohyphenation, ge
rman-x-2009-06-19, ngerman-x-2009-06-19, afrikaans, ancientgreek, ibycus, arabi
c, armenian, basque, bulgarian, catalan, pinyin, coptic, croatian, czech, danis
h, dutch, ukenglish, usenglishmax, esperanto, estonian, ethiopic, farsi, finnis
h, french, galician, german, ngerman, swissgerman, monogreek, greek, hungarian,
 icelandic, assamese, bengali, gujarati, hindi, kannada, malayalam, marathi, or
iya, panjabi, tamil, telugu, indonesian, interlingua, irish, italian, kurmanji,
 lao, latin, latvian, lithuanian, mongolian, mongolianlmc, bokmal, nynorsk, pol
ish, portuguese, romanian, russian, sanskrit, serbian, serbianc, slovak, sloven
ian, spanish, swedish, turkish, turkmen, ukrainian, uppersorbian, welsh, loaded
.
(/usr/local/texlive/2011/texmf-dist/tex/latex/base/article.cls
Document Class: article 2007/10/19 v1.4h Standard LaTeX document class
(/usr/local/texlive/2011/texmf-dist/tex/latex/base/size11.clo
File: size11.clo 2007/10/19 v1.4h Standard LaTeX file (size option)
)
\c@part=\count79
\c@section=\count80
\c@subsection=\count81
\c@subsubsection=\count82
\c@paragraph=\count83
\c@subparagraph=\count84
\c@figure=\count85
\c@table=\count86
\abovecaptionskip=\skip41
\belowcaptionskip=\skip42
\bibindent=\dimen102
)
(/usr/local/texlive/2011/texmf-dist/tex/latex/graphics/graphicx.sty
Package: graphicx 1999/02/16 v1.0f Enhanced LaTeX Graphics (DPC,SPQR)

(/usr/local/texlive/2011/texmf-dist/tex/latex/graphics/keyval.sty
Package: keyval 1999/03/16 v1.13 key=value parser (DPC)
\KV@toks@=\toks14
)
(/usr/local/texlive/2011/texmf-dist/tex/latex/graphics/graphics.sty
Package: graphics 2009/02/05 v1.0o Standard LaTeX Graphics (DPC,SPQR)

(/usr/local/texlive/2011/texmf-dist/tex/latex/graphics/trig.sty
Package: trig 1999/03/16 v1.09 sin cos tan (DPC)
)
(/usr/local/texlive/2011/texmf-dist/tex/latex/latexconfig/graphics.cfg
File: graphics.cfg 2010/04/23 v1.9 graphics configuration of TeX Live
)
Package graphics Info: Driver file: pdftex.def on input line 91.

(/usr/local/texlive/2011/texmf-dist/tex/latex/pdftex-def/pdftex.def
File: pdftex.def 2011/05/27 v0.06d Graphics/color for pdfTeX

(/usr/local/texlive/2011/texmf-dist/tex/generic/oberdiek/infwarerr.sty
Package: infwarerr 2010/04/08 v1.3 Providing info/warning/message (HO)
)
(/usr/local/texlive/2011/texmf-dist/tex/generic/oberdiek/ltxcmds.sty
Package: ltxcmds 2011/04/18 v1.20 LaTeX kernel commands for general use (HO)
)
\Gread@gobject=\count87
))
\Gin@req@height=\dimen103
\Gin@req@width=\dimen104
)

LaTeX Warning: Unused global option(s):
    [pdflatex,letter].

(./import.aux)
\openout1 = `import.aux'.

LaTeX Font Info:    Checking defaults for OML/cmm/m/it on input line 4.
LaTeX Font Info:    ... okay on input line 4.
LaTeX Font Info:    Checking defaults for T1/cmr/m/n on input line 4.
LaTeX Font Info:    ... okay on input line 4.
LaTeX Font Info:    Checking defaults for OT1/cmr/m/n on input line 4.
LaTeX Font Info:    ... okay on input line 4.
LaTeX Font Info:    Checking defaults for OMS/cmsy/m/n on input line 4.
LaTeX Font Info:    ... okay on input line 4.
LaTeX Font Info:    Checking defaults for OMX/cmex/m/n on input line 4.
LaTeX Font Info:    ... okay on input line 4.
LaTeX Font Info:    Checking defaults for U/cmr/m/n on input line 4.
LaTeX Font Info:    ... okay on input line 4.

(/usr/local/texlive/2011/texmf-dist/tex/context/base/supp-pdf.mkii
[Loading MPS to PDF converter (version 2006.09.02).]
\scratchcounter=\count88
\scratchdimen=\dimen105
\scratchbox=\box26
\nofMPsegments=\count89
\nofMParguments=\count90
\everyMPshowfont=\toks15
\MPscratchCnt=\count91
\MPscratchDim=\dimen106
\MPnumerator=\count92
\makeMPintoPDFobject=\count93
\everyMPtoPDFconversion=\toks16
) (/usr/local/texlive/2011/texmf-dist/tex/generic/oberdiek/pdftexcmds.sty
Package: pdftexcmds 2011/04/22 v0.16 Utilities of pdfTeX for LuaTeX (HO)

(/usr/local/texlive/2011/texmf-dist/tex/generic/oberdiek/ifluatex.sty
Package: ifluatex 2010/03/01 v1.3 Provides the ifluatex switch (HO)
Package ifluatex Info: LuaTeX not detected.
)
(/usr/local/texlive/2011/texmf-dist/tex/generic/oberdiek/ifpdf.sty
Package: ifpdf 2011/01/30 v2.3 Provides the ifpdf switch (HO)
Package ifpdf Info: pdfTeX in PDF mode is detected.
)
Package pdftexcmds Info: LuaTeX not detected.
Package pdftexcmds Info: \pdf@primitive is available.
Package pdftexcmds Info: \pdf@ifprimitive is available.
Package pdftexcmds Info: \pdfdraftmode found.
)
(/usr/local/texlive/2011/texmf-dist/tex/latex/oberdiek/epstopdf-base.sty
Package: epstopdf-base 2010/02/09 v2.5 Base part for package epstopdf

(/usr/local/texlive/2011/texmf-dist/tex/latex/oberdiek/grfext.sty
Package: grfext 2010/08/19 v1.1 Managing graphics extensions (HO)

(/usr/local/texlive/2011/texmf-dist/tex/generic/oberdiek/kvdefinekeys.sty
Package: kvdefinekeys 2011/04/07 v1.3 Defining keys (HO)
))
(/usr/local/texlive/2011/texmf-dist/tex/latex/oberdiek/kvoptions.sty
Package: kvoptions 2010/12/23 v3.10 Keyval support for LaTeX options (HO)

(/usr/local/texlive/2011/texmf-dist/tex/generic/oberdiek/kvsetkeys.sty
Package: kvsetkeys 2011/04/07 v1.13 Key value parser (HO)

(/usr/local/texlive/2011/texmf-dist/tex/generic/oberdiek/etexcmds.sty
Package: etexcmds 2011/02/16 v1.5 Prefix for e-TeX command names (HO)
Package etexcmds Info: Could not find \expanded.
(etexcmds)             That can mean that you are not using pdfTeX 1.50 or
(etexcmds)             that some package has redefined \expanded.
(etexcmds)             In the latter case, load this package earlier.
)))
Package grfext Info: Graphics extension search list:
(grfext)             [.png,.pdf,.jpg,.mps,.jpeg,.jbig2,.jb2,.PNG,.PDF,.JPG,.JPE
G,.JBIG2,.JB2,.eps]
(grfext)             \AppendGraphicsExtensions on input line 452.

(/usr/local/texlive/2011/texmf-dist/tex/latex/latexconfig/epstopdf-sys.cfg
File: epstopdf-sys.cfg 2010/07/13 v1.3 Configuration of (r)epstopdf for TeX Liv
e
))
LaTeX Font Info:    External font `cmex10' loaded for size
(Font)              <10.95> on input line 23.
LaTeX Font Info:    External font `cmex10' loaded for size
(Font)              <8> on input line 23.
LaTeX Font Info:    External font `cmex10' loaded for size
(Font)              <6> on input line 23.

Underfull \hbox (badness 10000) in paragraph at lines 22--28

 []


Underfull \hbox (badness 10000) in paragraph at lines 22--28

 []


Underfull \hbox (badness 10000) in paragraph at lines 29--32

 []


Underfull \hbox (badness 10000) in paragraph at lines 33--38

 []


Underfull \hbox (badness 10000) in paragraph at lines 39--42

 []


Underfull \hbox (badness 10000) in paragraph at lines 46--49

 []


Underfull \hbox (badness 10000) in paragraph at lines 50--56

 []

[1

{/usr/local/texlive/2011/texmf-var/fonts/map/pdftex/updmap/pdftex.map}]
Underfull \hbox (badness 10000) in paragraph at lines 57--59

 []


Underfull \hbox (badness 10000) in paragraph at lines 60--66

 []


Underfull \hbox (badness 10000) in paragraph at lines 67--69

 []

LaTeX Font Info:    Try loading font information for OMS+cmr on input line 72.
(/usr/local/texlive/2011/texmf-dist/tex/latex/base/omscmr.fd
File: omscmr.fd 1999/05/25 v2.5h Standard LaTeX font definitions
)
LaTeX Font Info:    Font shape `OMS/cmr/m/n' in size <10.95> not available
(Font)              Font shape `OMS/cmsy/m/n' tried instead on input line 72.

Underfull \hbox (badness 10000) in paragraph at lines 70--91

 []


Underfull \hbox (badness 10000) in paragraph at lines 70--91

 []

[2]
Underfull \hbox (badness 10000) in paragraph at lines 106--111

 []


Underfull \hbox (badness 10000) in paragraph at lines 134--175

 []


Underfull \hbox (badness 10000) in paragraph at lines 134--175

 []


Underfull \hbox (badness 10000) in paragraph at lines 134--175

 []


Underfull \hbox (badness 10000) in paragraph at lines 134--175

 []


Underfull \hbox (badness 10000) in paragraph at lines 134--175

 []


Underfull \hbox (badness 10000) in paragraph at lines 134--175

 []


Underfull \hbox (badness 10000) in paragraph at lines 134--175

 []


Underfull \hbox (badness 10000) in paragraph at lines 134--175

 []


Underfull \hbox (badness 10000) in paragraph at lines 134--175

 []


Underfull \hbox (badness 10000) in paragraph at lines 134--175

 []


Underfull \hbox (badness 10000) in paragraph at lines 134--175

 []


Underfull \hbox (badness 10000) in paragraph at lines 134--175

 []


Underfull \hbox (badness 10000) in paragraph at lines 134--175

 []


Underfull \hbox (badness 10000) in paragraph at lines 134--175

 []

[3] [4]
Overfull \hbox (3.82077pt too wide) in paragraph at lines 223--223
[]\OT1/cmtt/m/n/9 |  |  |  |  name.........: Import: /Volumes/Data/Dropbox/Proc
essJ/Import/D.pj[] 
 []


Overfull \hbox (17.9956pt too wide) in paragraph at lines 223--223
[]\OT1/cmtt/m/n/9 |  |  |  |  |  name.........: Import: /Volumes/Data/Dropbox/P
rocessJ/Import/C.pj[] 
 []


Overfull \hbox (32.17044pt too wide) in paragraph at lines 223--223
[]\OT1/cmtt/m/n/9 |  |  |  |  |  |  name.........: Import: /Volumes/Data/Dropbo
x/ProcessJ/Import/B.pj[] 
 []


Overfull \hbox (46.34528pt too wide) in paragraph at lines 223--223
[]\OT1/cmtt/m/n/9 |  |  |  |  |  |  |  name.........: Import: /Volumes/Data/Dro
pbox/ProcessJ/Import/F.pj[] 
 []


Overfull \hbox (60.52011pt too wide) in paragraph at lines 223--223
[]\OT1/cmtt/m/n/9 |  |  |  |  |  |  |  |  name.........: Import: /Volumes/Data/
Dropbox/ProcessJ/Import/E.pj[] 
 []


Overfull \hbox (74.69495pt too wide) in paragraph at lines 223--223
[]\OT1/cmtt/m/n/9 |  |  |  |  |  |  |  |  |  name.........: Import: /Volumes/Da
ta/Dropbox/ProcessJ/Import/R.pj[] 
 []


Overfull \hbox (88.86978pt too wide) in paragraph at lines 223--223
[]\OT1/cmtt/m/n/9 |  |  |  |  |  |  |  |  |  |  name.........: Import: /Volumes
/Data/Dropbox/ProcessJ/Import/Q.pj[] 
 []


Overfull \hbox (60.52011pt too wide) in paragraph at lines 223--223
[]\OT1/cmtt/m/n/9 |  |  |  |  |  |  |  |  name.........: Import: /Volumes/Data/
Dropbox/ProcessJ/Import/U.pj[] 
 []


Overfull \hbox (74.69495pt too wide) in paragraph at lines 223--223
[]\OT1/cmtt/m/n/9 |  |  |  |  |  |  |  |  |  name.........: Import: /Volumes/Da
ta/Dropbox/ProcessJ/Import/S.pj[] 
 []


Overfull \hbox (88.86978pt too wide) in paragraph at lines 223--223
[]\OT1/cmtt/m/n/9 |  |  |  |  |  |  |  |  |  |  name.........: Import: /Volumes
/Data/Dropbox/ProcessJ/Import/T.pj[] 
 []

<import-example.pdf, id=24, 2075.755pt x 2717.15125pt>
File: import-example.pdf Graphic file (type pdf)

<use import-example.pdf>
Package pdftex.def Info: import-example.pdf used on input line 226.
(pdftex.def)             Requested size: 360.0pt x 471.23817pt.

Overfull \hbox (17.0pt too wide) in paragraph at lines 226--228
[][]
 []

[5] [6 <./import-example.pdf>] (./import.aux) ) 
Here is how much of TeX's memory you used:
 1487 strings out of 493633
 21430 string characters out of 3143378
 78884 words of memory out of 3000000
 4791 multiletter control sequences out of 15000+200000
 8830 words of font info for 32 fonts, out of 3000000 for 9000
 831 hyphenation exceptions out of 8191
 37i,4n,23p,234b,244s stack positions out of 5000i,500n,10000p,200000b,50000s
</usr/local/texlive/2011/texmf-d
ist/fonts/type1/public/amsfonts/cm/cmbx10.pfb></usr/local/texlive/2011/texmf-di
st/fonts/type1/public/amsfonts/cm/cmbx12.pfb></usr/local/texlive/2011/texmf-dis
t/fonts/type1/public/amsfonts/cm/cmmi10.pfb></usr/local/texlive/2011/texmf-dist
/fonts/type1/public/amsfonts/cm/cmmi8.pfb></usr/local/texlive/2011/texmf-dist/f
onts/type1/public/amsfonts/cm/cmr10.pfb></usr/local/texlive/2011/texmf-dist/fon
ts/type1/public/amsfonts/cm/cmr17.pfb></usr/local/texlive/2011/texmf-dist/fonts
/type1/public/amsfonts/cm/cmr8.pfb></usr/local/texlive/2011/texmf-dist/fonts/ty
pe1/public/amsfonts/cm/cmsy10.pfb></usr/local/texlive/2011/texmf-dist/fonts/typ
e1/public/amsfonts/cm/cmtt10.pfb></usr/local/texlive/2011/texmf-dist/fonts/type
1/public/amsfonts/cm/cmtt9.pfb>
Output written on import.pdf (6 pages, 9498989 bytes).
PDF statistics:
 74 PDF objects out of 1000 (max. 8388607)
 51 compressed objects within 1 object stream
 0 named destinations out of 1000 (max. 500000)
 6 words of extra memory for PDF output out of 10000 (max. 10000000)

